<?xml version="1.0" encoding="UTF-8"?>
<!-- Generated by org.testng.reporters.JUnitReportReporter -->
<testsuite hostname="HYD-LAT-19-9306" name="com.qa.wallethub.automation.writereview.assignment.testPages.ReviewSubmissionPageTest" tests="1" failures="0" timestamp="3 Feb 2020 02:56:41 GMT" time="20.114" errors="0">
  <testcase name="verifyReviewSubmissionfunctionalityTest" time="20.114" classname="com.qa.wallethub.automation.writereview.assignment.testPages.ReviewSubmissionPageTest"/>
</testsuite> <!-- com.qa.wallethub.automation.writereview.assignment.testPages.ReviewSubmissionPageTest -->
