<?xml version="1.0" encoding="UTF-8"?>
<!-- Generated by org.testng.reporters.JUnitReportReporter -->
<testsuite hostname="HYD-LAT-19-9306" name="com.qa.wallethub.automation.writereview.assignment.testPages.LandingPageTest" tests="2" failures="0" timestamp="3 Feb 2020 02:56:41 GMT" time="33.467" errors="0">
  <testcase name="verifyWriteaReviewbuttonfunctionalityTest" time="15.390" classname="com.qa.wallethub.automation.writereview.assignment.testPages.LandingPageTest"/>
  <testcase name="verifyLandingPageTest" time="18.077" classname="com.qa.wallethub.automation.writereview.assignment.testPages.LandingPageTest"/>
</testsuite> <!-- com.qa.wallethub.automation.writereview.assignment.testPages.LandingPageTest -->
