<?xml version="1.0" encoding="UTF-8"?>
<!-- Generated by org.testng.reporters.JUnitReportReporter -->
<testsuite hostname="HYD-LAT-19-9306" name="com.qa.wallethub.automation.writereview.assignment.testPages.JoinWalletHubPageTest" tests="1" failures="0" timestamp="3 Feb 2020 02:56:41 GMT" time="23.980" errors="0">
  <testcase name="verifyLoginfunctionalityTest" time="23.980" classname="com.qa.wallethub.automation.writereview.assignment.testPages.JoinWalletHubPageTest"/>
</testsuite> <!-- com.qa.wallethub.automation.writereview.assignment.testPages.JoinWalletHubPageTest -->
