<?xml version="1.0" encoding="UTF-8"?>
<!-- Generated by org.testng.reporters.JUnitReportReporter -->
<testsuite hostname="HYD-LAT-19-9306" name="com.qa.wallethub.automation.assignment.FBHomePageTest" tests="1" failures="0" timestamp="3 Feb 2020 02:11:50 GMT" time="46.311" errors="0">
  <testcase name="verifyCreatePostfunctionalityTest" time="46.311" classname="com.qa.wallethub.automation.assignment.FBHomePageTest"/>
</testsuite> <!-- com.qa.wallethub.automation.assignment.FBHomePageTest -->
