<?xml version="1.0" encoding="UTF-8"?>
<!-- Generated by org.testng.reporters.JUnitReportReporter -->
<testsuite hostname="HYD-LAT-19-9306" name="com.qa.wallethub.automation.assignment.facebook.testPages.LoginPageTest" tests="3" failures="0" timestamp="3 Feb 2020 03:17:13 GMT" time="43.243" errors="0">
  <testcase name="verifyLogingPageUIElementsTest" time="10.764" classname="com.qa.wallethub.automation.assignment.facebook.testPages.LoginPageTest"/>
  <testcase name="verifyFBLoginPageTitleTest" time="12.532" classname="com.qa.wallethub.automation.assignment.facebook.testPages.LoginPageTest"/>
  <testcase name="verifyLoginfunctionalityTest" time="19.947" classname="com.qa.wallethub.automation.assignment.facebook.testPages.LoginPageTest"/>
</testsuite> <!-- com.qa.wallethub.automation.assignment.facebook.testPages.LoginPageTest -->
