<?xml version="1.0" encoding="UTF-8"?>
<!-- Generated by org.testng.reporters.JUnitReportReporter -->
<testsuite hostname="HYD-LAT-19-9306" name="com.qa.wallethub.automation.assignment.LoginPageTest" tests="3" failures="0" timestamp="2 Feb 2020 16:51:12 GMT" time="51.138" errors="0">
  <testcase name="verifyFBLoginPageTitleTest" time="13.099" classname="com.qa.wallethub.automation.assignment.LoginPageTest"/>
  <testcase name="verifyLoginfunctionalityTest" time="19.841" classname="com.qa.wallethub.automation.assignment.LoginPageTest"/>
  <testcase name="verifyLogingPageUIElementsTest" time="18.198" classname="com.qa.wallethub.automation.assignment.LoginPageTest"/>
</testsuite> <!-- com.qa.wallethub.automation.assignment.LoginPageTest -->
