<?xml version="1.0" encoding="UTF-8"?>
<!-- Generated by org.testng.reporters.JUnitReportReporter -->
<testsuite hostname="HYD-LAT-19-9306" name="com.qa.wallethub.automation.assignment.facebook.testPages.FBHomePageTest" tests="1" failures="0" timestamp="3 Feb 2020 03:17:13 GMT" time="34.859" errors="0">
  <testcase name="verifyCreatePostfunctionalityTest" time="34.859" classname="com.qa.wallethub.automation.assignment.facebook.testPages.FBHomePageTest"/>
</testsuite> <!-- com.qa.wallethub.automation.assignment.facebook.testPages.FBHomePageTest -->
