<?xml version="1.0" encoding="UTF-8"?>
<!-- Generated by org.testng.reporters.JUnitReportReporter -->
<testsuite skipped="0" hostname="SwathiKiran-PC" name="com.qa.tests.GetAPITest" tests="1" failures="0" timestamp="2019-09-11T21:35:33 IST" time="3.566" errors="0">
  <testcase name="getAPITest" time="3.566" classname="com.qa.tests.GetAPITest"/>
</testsuite> <!-- com.qa.tests.GetAPITest -->
