<?xml version="1.0" encoding="UTF-8"?>
<!-- Generated by org.testng.reporters.JUnitReportReporter -->
<testsuite skipped="0" hostname="SwathiKiran-PC" name="com.invisalignstaging.qa.testPages.HomePageTest" tests="1" failures="0" timestamp="2019-09-22T18:34:18 IST" time="32.577" errors="0">
  <testcase name="verifyForDoctorslinkTest" time="32.577" classname="com.invisalignstaging.qa.testPages.HomePageTest"/>
</testsuite> <!-- com.invisalignstaging.qa.testPages.HomePageTest -->
