<?xml version="1.0" encoding="UTF-8"?>
<!-- Generated by org.testng.reporters.JUnitReportReporter -->
<testsuite skipped="0" hostname="SwathiKiran-PC" name="com.invisalignstaging.qa.testPages.SmileAssessmentPageTest" tests="1" failures="0" timestamp="2019-09-22T20:32:12 IST" time="71.875" errors="0">
  <testcase name="verifysmileassessmentteenfunctionalityTest" time="71.875" classname="com.invisalignstaging.qa.testPages.SmileAssessmentPageTest"/>
</testsuite> <!-- com.invisalignstaging.qa.testPages.SmileAssessmentPageTest -->
